<?xml version="1.0" encoding="UTF-8"?>
<testng-results ignored="0" total="1" passed="1" failed="0" skipped="0">
  <reporter-output>
  </reporter-output>
  <suite started-at="2026-02-13T23:32:41 EET" name="Phase 1 Suite" finished-at="2026-02-13T23:33:05 EET" duration-ms="24261">
    <groups>
    </groups>
    <test started-at="2026-02-13T23:32:41 EET" name="Phase 1 Full Flow" finished-at="2026-02-13T23:33:05 EET" duration-ms="24261">
      <class name="com.zad.automation.tests.Phase1EndToEndTest">
        <test-method is-config="true" signature="setUp()[pri:0, instance:com.zad.automation.tests.Phase1EndToEndTest@12abdfb]" started-at="2026-02-13T23:32:41 EET" name="setUp" finished-at="2026-02-13T23:32:43 EET" duration-ms="2433" status="PASS">
          <reporter-output>
          </reporter-output>
        </test-method> <!-- setUp -->
        <test-method signature="fullPhase1Flow()[pri:0, instance:com.zad.automation.tests.Phase1EndToEndTest@12abdfb]" started-at="2026-02-13T23:32:43 EET" name="fullPhase1Flow" finished-at="2026-02-13T23:33:05 EET" duration-ms="21476" status="PASS">
          <reporter-output>
          </reporter-output>
        </test-method> <!-- fullPhase1Flow -->
        <test-method is-config="true" signature="tearDown()[pri:0, instance:com.zad.automation.tests.Phase1EndToEndTest@12abdfb]" started-at="2026-02-13T23:33:05 EET" name="tearDown" finished-at="2026-02-13T23:33:05 EET" duration-ms="133" status="PASS">
          <reporter-output>
          </reporter-output>
        </test-method> <!-- tearDown -->
      </class> <!-- com.zad.automation.tests.Phase1EndToEndTest -->
    </test> <!-- Phase 1 Full Flow -->
  </suite> <!-- Phase 1 Suite -->
</testng-results>
